Change Component Designator: Old Designator=C1 - 10uF New Designator=C2
Change Component Designator: Old Designator=C2 - 22uF New Designator=C3
Change Component Designator: Old Designator=C 2- 104 New Designator=C 1
Change Component Designator: Old Designator=C 3 - 104 New Designator=C 2
Change Component Designator: Old Designator=C 4 - 104 New Designator=C 3
Change Component Designator: Old Designator=C 5 - 104 New Designator=C 4
Change Component Designator: Old Designator=C67- 104 New Designator=C1
Change Component Designator: Old Designator=C - 104 New Designator=C - 1
Change Component Designator: Old Designator=C-VCAP New Designator=C-VCAP1
Change Component Designator: Old Designator=R2 New Designator=R3
Change Component Designator: Old Designator=R3 New Designator=R6
Change Component Designator: Old Designator=R4 New Designator=R7
Change Component Designator: Old Designator=R5 New Designator=R9
Change Component Designator: Old Designator=R6 New Designator=R10
Change Component Designator: Old Designator=R7 New Designator=R11
Change Component Designator: Old Designator=R8 New Designator=R12
Change Component Designator: Old Designator=R9 New Designator=R13
Change Component Designator: Old Designator=R10 New Designator=R14
Change Component Designator: Old Designator=R11 New Designator=R2
Change Component Designator: Old Designator=R12 New Designator=R4
Change Component Designator: Old Designator=R13 New Designator=R5
Change Component Designator: Old Designator=R14 New Designator=R8
Change Component Designator: Old Designator=R15 New Designator=R16
Change Component Designator: Old Designator=R16 New Designator=R15
Change Component Designator: Old Designator=R17 - 220 New Designator=R17
Change Component Designator: Old Designator=U1 New Designator=U6
Change Component Designator: Old Designator=U3 New Designator=U4
Change Component Designator: Old Designator=U4 New Designator=U1
Change Component Designator: Old Designator=U5 New Designator=U3
Change Component Designator: Old Designator=U8 New Designator=U5
